[2020-02-22 08:32:18] local.ERROR: SQLSTATE[42S22]: Column not found: 1054 Unknown column 'name' in 'field list' (SQL: insert into `users` (`name`, `email`, `password`, `updated_at`, `created_at`) values (admin, admin@admin.com, $2y$10$a0ePo.H./UrVxW8aTpNYJOxiPVs2xlCRfy0wv.oN2dz508xSkwiei, 2020-02-22 08:32:18, 2020-02-22 08:32:18)) {"exception":"[object] (Illuminate\\Database\\QueryException(code: 42S22): SQLSTATE[42S22]: Column not found: 1054 Unknown column 'name' in 'field list' (SQL: insert into `users` (`name`, `email`, `password`, `updated_at`, `created_at`) values (admin, admin@admin.com, $2y$10$a0ePo.H./UrVxW8aTpNYJOxiPVs2xlCRfy0wv.oN2dz508xSkwiei, 2020-02-22 08:32:18, 2020-02-22 08:32:18)) at /Users/ahmedhegazy/Desktop/e-exams/E-Exams/vendor/laravel/framework/src/Illuminate/Database/Connection.php:664, PDOException(code: 42S22): SQLSTATE[42S22]: Column not found: 1054 Unknown column 'name' in 'field list' at /Users/ahmedhegazy/Desktop/e-exams/E-Exams/vendor/laravel/framework/src/Illuminate/Database/Connection.php:452)
[stacktrace]
#0 /Users/ahmedhegazy/Desktop/e-exams/E-Exams/vendor/laravel/framework/src/Illuminate/Database/Connection.php(624): Illuminate\\Database\\Connection->runQueryCallback('insert into `us...', Array, Object(Closure))
#1 /Users/ahmedhegazy/Desktop/e-exams/E-Exams/vendor/laravel/framework/src/Illuminate/Database/Connection.php(459): Illuminate\\Database\\Connection->run('insert into `us...', Array, Object(Closure))
#2 /Users/ahmedhegazy/Desktop/e-exams/E-Exams/vendor/laravel/framework/src/Illuminate/Database/Connection.php(411): Illuminate\\Database\\Connection->statement('insert into `us...', Array)
#3 /Users/ahmedhegazy/Desktop/e-exams/E-Exams/vendor/laravel/framework/src/Illuminate/Database/Query/Processors/Processor.php(32): Illuminate\\Database\\Connection->insert('insert into `us...', Array)
#4 /Users/ahmedhegazy/Desktop/e-exams/E-Exams/vendor/laravel/framework/src/Illuminate/Database/Query/Builder.php(2690): Illuminate\\Database\\Query\\Processors\\Processor->processInsertGetId(Object(Illuminate\\Database\\Query\\Builder), 'insert into `us...', Array, 'id')
#5 /Users/ahmedhegazy/Desktop/e-exams/E-Exams/vendor/laravel/framework/src/Illuminate/Database/Eloquent/Builder.php(1353): Illuminate\\Database\\Query\\Builder->insertGetId(Array, 'id')
#6 /Users/ahmedhegazy/Desktop/e-exams/E-Exams/vendor/laravel/framework/src/Illuminate/Database/Eloquent/Model.php(839): Illuminate\\Database\\Eloquent\\Builder->__call('insertGetId', Array)
#7 /Users/ahmedhegazy/Desktop/e-exams/E-Exams/vendor/laravel/framework/src/Illuminate/Database/Eloquent/Model.php(804): Illuminate\\Database\\Eloquent\\Model->insertAndSetId(Object(Illuminate\\Database\\Eloquent\\Builder), Array)
#8 /Users/ahmedhegazy/Desktop/e-exams/E-Exams/vendor/laravel/framework/src/Illuminate/Database/Eloquent/Model.php(667): Illuminate\\Database\\Eloquent\\Model->performInsert(Object(Illuminate\\Database\\Eloquent\\Builder))
#9 /Users/ahmedhegazy/Desktop/e-exams/E-Exams/vendor/laravel/framework/src/Illuminate/Database/Eloquent/Builder.php(795): Illuminate\\Database\\Eloquent\\Model->save()
#10 /Users/ahmedhegazy/Desktop/e-exams/E-Exams/vendor/laravel/framework/src/Illuminate/Support/helpers.php(1124): Illuminate\\Database\\Eloquent\\Builder->Illuminate\\Database\\Eloquent\\{closure}(Object(App\\User))
#11 /Users/ahmedhegazy/Desktop/e-exams/E-Exams/vendor/laravel/framework/src/Illuminate/Database/Eloquent/Builder.php(796): tap(Object(App\\User), Object(Closure))
#12 /Users/ahmedhegazy/Desktop/e-exams/E-Exams/vendor/laravel/framework/src/Illuminate/Support/Traits/ForwardsCalls.php(23): Illuminate\\Database\\Eloquent\\Builder->create(Array)
#13 /Users/ahmedhegazy/Desktop/e-exams/E-Exams/vendor/laravel/framework/src/Illuminate/Database/Eloquent/Model.php(1618): Illuminate\\Database\\Eloquent\\Model->forwardCallTo(Object(Illuminate\\Database\\Eloquent\\Builder), 'create', Array)
#14 /Users/ahmedhegazy/Desktop/e-exams/E-Exams/vendor/laravel/framework/src/Illuminate/Database/Eloquent/Model.php(1630): Illuminate\\Database\\Eloquent\\Model->__call('create', Array)
#15 /Users/ahmedhegazy/Desktop/e-exams/E-Exams/app/Http/Controllers/Auth/RegisterController.php(69): Illuminate\\Database\\Eloquent\\Model::__callStatic('create', Array)
#16 /Users/ahmedhegazy/Desktop/e-exams/E-Exams/vendor/laravel/framework/src/Illuminate/Foundation/Auth/RegistersUsers.php(33): App\\Http\\Controllers\\Auth\\RegisterController->create(Array)
#17 [internal function]: App\\Http\\Controllers\\Auth\\RegisterController->register(Object(Illuminate\\Http\\Request))
#18 /Users/ahmedhegazy/Desktop/e-exams/E-Exams/vendor/laravel/framework/src/Illuminate/Routing/Controller.php(54): call_user_func_array(Array, Array)
#19 /Users/ahmedhegazy/Desktop/e-exams/E-Exams/vendor/laravel/framework/src/Illuminate/Routing/ControllerDispatcher.php(45): Illuminate\\Routing\\Controller->callAction('register', Array)
#20 /Users/ahmedhegazy/Desktop/e-exams/E-Exams/vendor/laravel/framework/src/Illuminate/Routing/Route.php(219): Illuminate\\Routing\\ControllerDispatcher->dispatch(Object(Illuminate\\Routing\\Route), Object(App\\Http\\Controllers\\Auth\\RegisterController), 'register')
#21 /Users/ahmedhegazy/Desktop/e-exams/E-Exams/vendor/laravel/framework/src/Illuminate/Routing/Route.php(176): Illuminate\\Routing\\Route->runController()
#22 /Users/ahmedhegazy/Desktop/e-exams/E-Exams/vendor/laravel/framework/src/Illuminate/Routing/Router.php(680): Illuminate\\Routing\\Route->run()
#23 /Users/ahmedhegazy/Desktop/e-exams/E-Exams/vendor/laravel/framework/src/Illuminate/Routing/Pipeline.php(30): Illuminate\\Routing\\Router->Illuminate\\Routing\\{closure}(Object(Illuminate\\Http\\Request))
#24 /Users/ahmedhegazy/Desktop/e-exams/E-Exams/app/Http/Middleware/RedirectIfAuthenticated.php(24): Illuminate\\Routing\\Pipeline->Illuminate\\Routing\\{closure}(Object(Illuminate\\Http\\Request))
#25 /Users/ahmedhegazy/Desktop/e-exams/E-Exams/vendor/laravel/framework/src/Illuminate/Pipeline/Pipeline.php(163): App\\Http\\Middleware\\RedirectIfAuthenticated->handle(Object(Illuminate\\Http\\Request), Object(Closure))
#26 /Users/ahmedhegazy/Desktop/e-exams/E-Exams/vendor/laravel/framework/src/Illuminate/Routing/Pipeline.php(53): Illuminate\\Pipeline\\Pipeline->Illuminate\\Pipeline\\{closure}(Object(Illuminate\\Http\\Request))
#27 /Users/ahmedhegazy/Desktop/e-exams/E-Exams/vendor/laravel/framework/src/Illuminate/Routing/Middleware/SubstituteBindings.php(41): Illuminate\\Routing\\Pipeline->Illuminate\\Routing\\{closure}(Object(Illuminate\\Http\\Request))
#28 /Users/ahmedhegazy/Desktop/e-exams/E-Exams/vendor/laravel/framework/src/Illuminate/Pipeline/Pipeline.php(163): Illuminate\\Routing\\Middleware\\SubstituteBindings->handle(Object(Illuminate\\Http\\Request), Object(Closure))
#29 /Users/ahmedhegazy/Desktop/e-exams/E-Exams/vendor/laravel/framework/src/Illuminate/Routing/Pipeline.php(53): Illuminate\\Pipeline\\Pipeline->Illuminate\\Pipeline\\{closure}(Object(Illuminate\\Http\\Request))
#30 /Users/ahmedhegazy/Desktop/e-exams/E-Exams/vendor/laravel/framework/src/Illuminate/Foundation/Http/Middleware/VerifyCsrfToken.php(75): Illuminate\\Routing\\Pipeline->Illuminate\\Routing\\{closure}(Object(Illuminate\\Http\\Request))
#31 /Users/ahmedhegazy/Desktop/e-exams/E-Exams/vendor/laravel/framework/src/Illuminate/Pipeline/Pipeline.php(163): Illuminate\\Foundation\\Http\\Middleware\\VerifyCsrfToken->handle(Object(Illuminate\\Http\\Request), Object(Closure))
#32 /Users/ahmedhegazy/Desktop/e-exams/E-Exams/vendor/laravel/framework/src/Illuminate/Routing/Pipeline.php(53): Illuminate\\Pipeline\\Pipeline->Illuminate\\Pipeline\\{closure}(Object(Illuminate\\Http\\Request))
#33 /Users/ahmedhegazy/Desktop/e-exams/E-Exams/vendor/laravel/framework/src/Illuminate/View/Middleware/ShareErrorsFromSession.php(49): Illuminate\\Routing\\Pipeline->Illuminate\\Routing\\{closure}(Object(Illuminate\\Http\\Request))
#34 /Users/ahmedhegazy/Desktop/e-exams/E-Exams/vendor/laravel/framework/src/Illuminate/Pipeline/Pipeline.php(163): Illuminate\\View\\Middleware\\ShareErrorsFromSession->handle(Object(Illuminate\\Http\\Request), Object(Closure))
#35 /Users/ahmedhegazy/Desktop/e-exams/E-Exams/vendor/laravel/framework/src/Illuminate/Routing/Pipeline.php(53): Illuminate\\Pipeline\\Pipeline->Illuminate\\Pipeline\\{closure}(Object(Illuminate\\Http\\Request))
#36 /Users/ahmedhegazy/Desktop/e-exams/E-Exams/vendor/laravel/framework/src/Illuminate/Session/Middleware/StartSession.php(56): Illuminate\\Routing\\Pipeline->Illuminate\\Routing\\{closure}(Object(Illuminate\\Http\\Request))
#37 /Users/ahmedhegazy/Desktop/e-exams/E-Exams/vendor/laravel/framework/src/Illuminate/Pipeline/Pipeline.php(163): Illuminate\\Session\\Middleware\\StartSession->handle(Object(Illuminate\\Http\\Request), Object(Closure))
#38 /Users/ahmedhegazy/Desktop/e-exams/E-Exams/vendor/laravel/framework/src/Illuminate/Routing/Pipeline.php(53): Illuminate\\Pipeline\\Pipeline->Illuminate\\Pipeline\\{closure}(Object(Illuminate\\Http\\Request))
#39 /Users/ahmedhegazy/Desktop/e-exams/E-Exams/vendor/laravel/framework/src/Illuminate/Cookie/Middleware/AddQueuedCookiesToResponse.php(37): Illuminate\\Routing\\Pipeline->Illuminate\\Routing\\{closure}(Object(Illuminate\\Http\\Request))
#40 /Users/ahmedhegazy/Desktop/e-exams/E-Exams/vendor/laravel/framework/src/Illuminate/Pipeline/Pipeline.php(163): Illuminate\\Cookie\\Middleware\\AddQueuedCookiesToResponse->handle(Object(Illuminate\\Http\\Request), Object(Closure))
#41 /Users/ahmedhegazy/Desktop/e-exams/E-Exams/vendor/laravel/framework/src/Illuminate/Routing/Pipeline.php(53): Illuminate\\Pipeline\\Pipeline->Illuminate\\Pipeline\\{closure}(Object(Illuminate\\Http\\Request))
#42 /Users/ahmedhegazy/Desktop/e-exams/E-Exams/vendor/laravel/framework/src/Illuminate/Cookie/Middleware/EncryptCookies.php(66): Illuminate\\Routing\\Pipeline->Illuminate\\Routing\\{closure}(Object(Illuminate\\Http\\Request))
#43 /Users/ahmedhegazy/Desktop/e-exams/E-Exams/vendor/laravel/framework/src/Illuminate/Pipeline/Pipeline.php(163): Illuminate\\Cookie\\Middleware\\EncryptCookies->handle(Object(Illuminate\\Http\\Request), Object(Closure))
#44 /Users/ahmedhegazy/Desktop/e-exams/E-Exams/vendor/laravel/framework/src/Illuminate/Routing/Pipeline.php(53): Illuminate\\Pipeline\\Pipeline->Illuminate\\Pipeline\\{closure}(Object(Illuminate\\Http\\Request))
#45 /Users/ahmedhegazy/Desktop/e-exams/E-Exams/vendor/laravel/framework/src/Illuminate/Pipeline/Pipeline.php(104): Illuminate\\Routing\\Pipeline->Illuminate\\Routing\\{closure}(Object(Illuminate\\Http\\Request))
#46 /Users/ahmedhegazy/Desktop/e-exams/E-Exams/vendor/laravel/framework/src/Illuminate/Routing/Router.php(682): Illuminate\\Pipeline\\Pipeline->then(Object(Closure))
#47 /Users/ahmedhegazy/Desktop/e-exams/E-Exams/vendor/laravel/framework/src/Illuminate/Routing/Router.php(657): Illuminate\\Routing\\Router->runRouteWithinStack(Object(Illuminate\\Routing\\Route), Object(Illuminate\\Http\\Request))
#48 /Users/ahmedhegazy/Desktop/e-exams/E-Exams/vendor/laravel/framework/src/Illuminate/Routing/Router.php(623): Illuminate\\Routing\\Router->runRoute(Object(Illuminate\\Http\\Request), Object(Illuminate\\Routing\\Route))
#49 /Users/ahmedhegazy/Desktop/e-exams/E-Exams/vendor/laravel/framework/src/Illuminate/Routing/Router.php(612): Illuminate\\Routing\\Router->dispatchToRoute(Object(Illuminate\\Http\\Request))
#50 /Users/ahmedhegazy/Desktop/e-exams/E-Exams/vendor/laravel/framework/src/Illuminate/Foundation/Http/Kernel.php(176): Illuminate\\Routing\\Router->dispatch(Object(Illuminate\\Http\\Request))
#51 /Users/ahmedhegazy/Desktop/e-exams/E-Exams/vendor/laravel/framework/src/Illuminate/Routing/Pipeline.php(30): Illuminate\\Foundation\\Http\\Kernel->Illuminate\\Foundation\\Http\\{closure}(Object(Illuminate\\Http\\Request))
#52 /Users/ahmedhegazy/Desktop/e-exams/E-Exams/vendor/laravel/framework/src/Illuminate/Foundation/Http/Middleware/TransformsRequest.php(21): Illuminate\\Routing\\Pipeline->Illuminate\\Routing\\{closure}(Object(Illuminate\\Http\\Request))
#53 /Users/ahmedhegazy/Desktop/e-exams/E-Exams/vendor/laravel/framework/src/Illuminate/Pipeline/Pipeline.php(163): Illuminate\\Foundation\\Http\\Middleware\\TransformsRequest->handle(Object(Illuminate\\Http\\Request), Object(Closure))
#54 /Users/ahmedhegazy/Desktop/e-exams/E-Exams/vendor/laravel/framework/src/Illuminate/Routing/Pipeline.php(53): Illuminate\\Pipeline\\Pipeline->Illuminate\\Pipeline\\{closure}(Object(Illuminate\\Http\\Request))
#55 /Users/ahmedhegazy/Desktop/e-exams/E-Exams/vendor/laravel/framework/src/Illuminate/Foundation/Http/Middleware/TransformsRequest.php(21): Illuminate\\Routing\\Pipeline->Illuminate\\Routing\\{closure}(Object(Illuminate\\Http\\Request))
#56 /Users/ahmedhegazy/Desktop/e-exams/E-Exams/vendor/laravel/framework/src/Illuminate/Pipeline/Pipeline.php(163): Illuminate\\Foundation\\Http\\Middleware\\TransformsRequest->handle(Object(Illuminate\\Http\\Request), Object(Closure))
#57 /Users/ahmedhegazy/Desktop/e-exams/E-Exams/vendor/laravel/framework/src/Illuminate/Routing/Pipeline.php(53): Illuminate\\Pipeline\\Pipeline->Illuminate\\Pipeline\\{closure}(Object(Illuminate\\Http\\Request))
#58 /Users/ahmedhegazy/Desktop/e-exams/E-Exams/vendor/laravel/framework/src/Illuminate/Foundation/Http/Middleware/ValidatePostSize.php(27): Illuminate\\Routing\\Pipeline->Illuminate\\Routing\\{closure}(Object(Illuminate\\Http\\Request))
#59 /Users/ahmedhegazy/Desktop/e-exams/E-Exams/vendor/laravel/framework/src/Illuminate/Pipeline/Pipeline.php(163): Illuminate\\Foundation\\Http\\Middleware\\ValidatePostSize->handle(Object(Illuminate\\Http\\Request), Object(Closure))
#60 /Users/ahmedhegazy/Desktop/e-exams/E-Exams/vendor/laravel/framework/src/Illuminate/Routing/Pipeline.php(53): Illuminate\\Pipeline\\Pipeline->Illuminate\\Pipeline\\{closure}(Object(Illuminate\\Http\\Request))
#61 /Users/ahmedhegazy/Desktop/e-exams/E-Exams/vendor/laravel/framework/src/Illuminate/Foundation/Http/Middleware/CheckForMaintenanceMode.php(62): Illuminate\\Routing\\Pipeline->Illuminate\\Routing\\{closure}(Object(Illuminate\\Http\\Request))
#62 /Users/ahmedhegazy/Desktop/e-exams/E-Exams/vendor/laravel/framework/src/Illuminate/Pipeline/Pipeline.php(163): Illuminate\\Foundation\\Http\\Middleware\\CheckForMaintenanceMode->handle(Object(Illuminate\\Http\\Request), Object(Closure))
#63 /Users/ahmedhegazy/Desktop/e-exams/E-Exams/vendor/laravel/framework/src/Illuminate/Routing/Pipeline.php(53): Illuminate\\Pipeline\\Pipeline->Illuminate\\Pipeline\\{closure}(Object(Illuminate\\Http\\Request))
#64 /Users/ahmedhegazy/Desktop/e-exams/E-Exams/vendor/fideloper/proxy/src/TrustProxies.php(57): Illuminate\\Routing\\Pipeline->Illuminate\\Routing\\{closure}(Object(Illuminate\\Http\\Request))
#65 /Users/ahmedhegazy/Desktop/e-exams/E-Exams/vendor/laravel/framework/src/Illuminate/Pipeline/Pipeline.php(163): Fideloper\\Proxy\\TrustProxies->handle(Object(Illuminate\\Http\\Request), Object(Closure))
#66 /Users/ahmedhegazy/Desktop/e-exams/E-Exams/vendor/laravel/framework/src/Illuminate/Routing/Pipeline.php(53): Illuminate\\Pipeline\\Pipeline->Illuminate\\Pipeline\\{closure}(Object(Illuminate\\Http\\Request))
#67 /Users/ahmedhegazy/Desktop/e-exams/E-Exams/vendor/laravel/framework/src/Illuminate/Pipeline/Pipeline.php(104): Illuminate\\Routing\\Pipeline->Illuminate\\Routing\\{closure}(Object(Illuminate\\Http\\Request))
#68 /Users/ahmedhegazy/Desktop/e-exams/E-Exams/vendor/laravel/framework/src/Illuminate/Foundation/Http/Kernel.php(151): Illuminate\\Pipeline\\Pipeline->then(Object(Closure))
#69 /Users/ahmedhegazy/Desktop/e-exams/E-Exams/vendor/laravel/framework/src/Illuminate/Foundation/Http/Kernel.php(116): Illuminate\\Foundation\\Http\\Kernel->sendRequestThroughRouter(Object(Illuminate\\Http\\Request))
#70 /Users/ahmedhegazy/Desktop/e-exams/E-Exams/public/index.php(55): Illuminate\\Foundation\\Http\\Kernel->handle(Object(Illuminate\\Http\\Request))
#71 /Users/ahmedhegazy/Desktop/e-exams/E-Exams/server.php(21): require_once('/Users/ahmedheg...')
#72 {main}
"} 
[2020-02-22 11:31:16] local.ERROR: Class 'CreateExamResultsTable' not found {"exception":"[object] (Symfony\\Component\\Debug\\Exception\\FatalThrowableError(code: 0): Class 'CreateExamResultsTable' not found at /Users/ahmedhegazy/Desktop/e-exams/E-Exams/vendor/laravel/framework/src/Illuminate/Database/Migrations/Migrator.php:448)
[stacktrace]
#0 /Users/ahmedhegazy/Desktop/e-exams/E-Exams/vendor/laravel/framework/src/Illuminate/Database/Migrations/Migrator.php(186): Illuminate\\Database\\Migrations\\Migrator->resolve('2020_02_22_0830...')
#1 /Users/ahmedhegazy/Desktop/e-exams/E-Exams/vendor/laravel/framework/src/Illuminate/Database/Migrations/Migrator.php(162): Illuminate\\Database\\Migrations\\Migrator->runUp('/Users/ahmedheg...', 1, false)
#2 /Users/ahmedhegazy/Desktop/e-exams/E-Exams/vendor/laravel/framework/src/Illuminate/Database/Migrations/Migrator.php(109): Illuminate\\Database\\Migrations\\Migrator->runPending(Array, Array)
#3 /Users/ahmedhegazy/Desktop/e-exams/E-Exams/vendor/laravel/framework/src/Illuminate/Database/Console/Migrations/MigrateCommand.php(71): Illuminate\\Database\\Migrations\\Migrator->run(Array, Array)
#4 [internal function]: Illuminate\\Database\\Console\\Migrations\\MigrateCommand->handle()
#5 /Users/ahmedhegazy/Desktop/e-exams/E-Exams/vendor/laravel/framework/src/Illuminate/Container/BoundMethod.php(32): call_user_func_array(Array, Array)
#6 /Users/ahmedhegazy/Desktop/e-exams/E-Exams/vendor/laravel/framework/src/Illuminate/Container/BoundMethod.php(90): Illuminate\\Container\\BoundMethod::Illuminate\\Container\\{closure}()
#7 /Users/ahmedhegazy/Desktop/e-exams/E-Exams/vendor/laravel/framework/src/Illuminate/Container/BoundMethod.php(34): Illuminate\\Container\\BoundMethod::callBoundMethod(Object(Illuminate\\Foundation\\Application), Array, Object(Closure))
#8 /Users/ahmedhegazy/Desktop/e-exams/E-Exams/vendor/laravel/framework/src/Illuminate/Container/Container.php(576): Illuminate\\Container\\BoundMethod::call(Object(Illuminate\\Foundation\\Application), Array, Array, NULL)
#9 /Users/ahmedhegazy/Desktop/e-exams/E-Exams/vendor/laravel/framework/src/Illuminate/Console/Command.php(183): Illuminate\\Container\\Container->call(Array)
#10 /Users/ahmedhegazy/Desktop/e-exams/E-Exams/vendor/symfony/console/Command/Command.php(255): Illuminate\\Console\\Command->execute(Object(Symfony\\Component\\Console\\Input\\ArrayInput), Object(Illuminate\\Console\\OutputStyle))
#11 /Users/ahmedhegazy/Desktop/e-exams/E-Exams/vendor/laravel/framework/src/Illuminate/Console/Command.php(170): Symfony\\Component\\Console\\Command\\Command->run(Object(Symfony\\Component\\Console\\Input\\ArrayInput), Object(Illuminate\\Console\\OutputStyle))
#12 /Users/ahmedhegazy/Desktop/e-exams/E-Exams/vendor/laravel/framework/src/Illuminate/Console/Command.php(198): Illuminate\\Console\\Command->run(Object(Symfony\\Component\\Console\\Input\\ArrayInput), Object(Illuminate\\Console\\OutputStyle))
#13 /Users/ahmedhegazy/Desktop/e-exams/E-Exams/vendor/laravel/framework/src/Illuminate/Database/Console/Migrations/FreshCommand.php(61): Illuminate\\Console\\Command->call('migrate', Array)
#14 [internal function]: Illuminate\\Database\\Console\\Migrations\\FreshCommand->handle()
#15 /Users/ahmedhegazy/Desktop/e-exams/E-Exams/vendor/laravel/framework/src/Illuminate/Container/BoundMethod.php(32): call_user_func_array(Array, Array)
#16 /Users/ahmedhegazy/Desktop/e-exams/E-Exams/vendor/laravel/framework/src/Illuminate/Container/BoundMethod.php(90): Illuminate\\Container\\BoundMethod::Illuminate\\Container\\{closure}()
#17 /Users/ahmedhegazy/Desktop/e-exams/E-Exams/vendor/laravel/framework/src/Illuminate/Container/BoundMethod.php(34): Illuminate\\Container\\BoundMethod::callBoundMethod(Object(Illuminate\\Foundation\\Application), Array, Object(Closure))
#18 /Users/ahmedhegazy/Desktop/e-exams/E-Exams/vendor/laravel/framework/src/Illuminate/Container/Container.php(576): Illuminate\\Container\\BoundMethod::call(Object(Illuminate\\Foundation\\Application), Array, Array, NULL)
#19 /Users/ahmedhegazy/Desktop/e-exams/E-Exams/vendor/laravel/framework/src/Illuminate/Console/Command.php(183): Illuminate\\Container\\Container->call(Array)
#20 /Users/ahmedhegazy/Desktop/e-exams/E-Exams/vendor/symfony/console/Command/Command.php(255): Illuminate\\Console\\Command->execute(Object(Symfony\\Component\\Console\\Input\\ArgvInput), Object(Illuminate\\Console\\OutputStyle))
#21 /Users/ahmedhegazy/Desktop/e-exams/E-Exams/vendor/laravel/framework/src/Illuminate/Console/Command.php(170): Symfony\\Component\\Console\\Command\\Command->run(Object(Symfony\\Component\\Console\\Input\\ArgvInput), Object(Illuminate\\Console\\OutputStyle))
#22 /Users/ahmedhegazy/Desktop/e-exams/E-Exams/vendor/symfony/console/Application.php(1012): Illuminate\\Console\\Command->run(Object(Symfony\\Component\\Console\\Input\\ArgvInput), Object(Symfony\\Component\\Console\\Output\\ConsoleOutput))
#23 /Users/ahmedhegazy/Desktop/e-exams/E-Exams/vendor/symfony/console/Application.php(272): Symfony\\Component\\Console\\Application->doRunCommand(Object(Illuminate\\Database\\Console\\Migrations\\FreshCommand), Object(Symfony\\Component\\Console\\Input\\ArgvInput), Object(Symfony\\Component\\Console\\Output\\ConsoleOutput))
#24 /Users/ahmedhegazy/Desktop/e-exams/E-Exams/vendor/symfony/console/Application.php(148): Symfony\\Component\\Console\\Application->doRun(Object(Symfony\\Component\\Console\\Input\\ArgvInput), Object(Symfony\\Component\\Console\\Output\\ConsoleOutput))
#25 /Users/ahmedhegazy/Desktop/e-exams/E-Exams/vendor/laravel/framework/src/Illuminate/Console/Application.php(90): Symfony\\Component\\Console\\Application->run(Object(Symfony\\Component\\Console\\Input\\ArgvInput), Object(Symfony\\Component\\Console\\Output\\ConsoleOutput))
#26 /Users/ahmedhegazy/Desktop/e-exams/E-Exams/vendor/laravel/framework/src/Illuminate/Foundation/Console/Kernel.php(133): Illuminate\\Console\\Application->run(Object(Symfony\\Component\\Console\\Input\\ArgvInput), Object(Symfony\\Component\\Console\\Output\\ConsoleOutput))
#27 /Users/ahmedhegazy/Desktop/e-exams/E-Exams/artisan(37): Illuminate\\Foundation\\Console\\Kernel->handle(Object(Symfony\\Component\\Console\\Input\\ArgvInput), Object(Symfony\\Component\\Console\\Output\\ConsoleOutput))
#28 {main}
"} 
[2020-02-22 11:31:27] local.ERROR: Class 'CreateExamResultsTable' not found {"exception":"[object] (Symfony\\Component\\Debug\\Exception\\FatalThrowableError(code: 0): Class 'CreateExamResultsTable' not found at /Users/ahmedhegazy/Desktop/e-exams/E-Exams/vendor/laravel/framework/src/Illuminate/Database/Migrations/Migrator.php:448)
[stacktrace]
#0 /Users/ahmedhegazy/Desktop/e-exams/E-Exams/vendor/laravel/framework/src/Illuminate/Database/Migrations/Migrator.php(186): Illuminate\\Database\\Migrations\\Migrator->resolve('2020_02_22_0830...')
#1 /Users/ahmedhegazy/Desktop/e-exams/E-Exams/vendor/laravel/framework/src/Illuminate/Database/Migrations/Migrator.php(162): Illuminate\\Database\\Migrations\\Migrator->runUp('/Users/ahmedheg...', 1, false)
#2 /Users/ahmedhegazy/Desktop/e-exams/E-Exams/vendor/laravel/framework/src/Illuminate/Database/Migrations/Migrator.php(109): Illuminate\\Database\\Migrations\\Migrator->runPending(Array, Array)
#3 /Users/ahmedhegazy/Desktop/e-exams/E-Exams/vendor/laravel/framework/src/Illuminate/Database/Console/Migrations/MigrateCommand.php(71): Illuminate\\Database\\Migrations\\Migrator->run(Array, Array)
#4 [internal function]: Illuminate\\Database\\Console\\Migrations\\MigrateCommand->handle()
#5 /Users/ahmedhegazy/Desktop/e-exams/E-Exams/vendor/laravel/framework/src/Illuminate/Container/BoundMethod.php(32): call_user_func_array(Array, Array)
#6 /Users/ahmedhegazy/Desktop/e-exams/E-Exams/vendor/laravel/framework/src/Illuminate/Container/BoundMethod.php(90): Illuminate\\Container\\BoundMethod::Illuminate\\Container\\{closure}()
#7 /Users/ahmedhegazy/Desktop/e-exams/E-Exams/vendor/laravel/framework/src/Illuminate/Container/BoundMethod.php(34): Illuminate\\Container\\BoundMethod::callBoundMethod(Object(Illuminate\\Foundation\\Application), Array, Object(Closure))
#8 /Users/ahmedhegazy/Desktop/e-exams/E-Exams/vendor/laravel/framework/src/Illuminate/Container/Container.php(576): Illuminate\\Container\\BoundMethod::call(Object(Illuminate\\Foundation\\Application), Array, Array, NULL)
#9 /Users/ahmedhegazy/Desktop/e-exams/E-Exams/vendor/laravel/framework/src/Illuminate/Console/Command.php(183): Illuminate\\Container\\Container->call(Array)
#10 /Users/ahmedhegazy/Desktop/e-exams/E-Exams/vendor/symfony/console/Command/Command.php(255): Illuminate\\Console\\Command->execute(Object(Symfony\\Component\\Console\\Input\\ArrayInput), Object(Illuminate\\Console\\OutputStyle))
#11 /Users/ahmedhegazy/Desktop/e-exams/E-Exams/vendor/laravel/framework/src/Illuminate/Console/Command.php(170): Symfony\\Component\\Console\\Command\\Command->run(Object(Symfony\\Component\\Console\\Input\\ArrayInput), Object(Illuminate\\Console\\OutputStyle))
#12 /Users/ahmedhegazy/Desktop/e-exams/E-Exams/vendor/laravel/framework/src/Illuminate/Console/Command.php(198): Illuminate\\Console\\Command->run(Object(Symfony\\Component\\Console\\Input\\ArrayInput), Object(Illuminate\\Console\\OutputStyle))
#13 /Users/ahmedhegazy/Desktop/e-exams/E-Exams/vendor/laravel/framework/src/Illuminate/Database/Console/Migrations/FreshCommand.php(61): Illuminate\\Console\\Command->call('migrate', Array)
#14 [internal function]: Illuminate\\Database\\Console\\Migrations\\FreshCommand->handle()
#15 /Users/ahmedhegazy/Desktop/e-exams/E-Exams/vendor/laravel/framework/src/Illuminate/Container/BoundMethod.php(32): call_user_func_array(Array, Array)
#16 /Users/ahmedhegazy/Desktop/e-exams/E-Exams/vendor/laravel/framework/src/Illuminate/Container/BoundMethod.php(90): Illuminate\\Container\\BoundMethod::Illuminate\\Container\\{closure}()
#17 /Users/ahmedhegazy/Desktop/e-exams/E-Exams/vendor/laravel/framework/src/Illuminate/Container/BoundMethod.php(34): Illuminate\\Container\\BoundMethod::callBoundMethod(Object(Illuminate\\Foundation\\Application), Array, Object(Closure))
#18 /Users/ahmedhegazy/Desktop/e-exams/E-Exams/vendor/laravel/framework/src/Illuminate/Container/Container.php(576): Illuminate\\Container\\BoundMethod::call(Object(Illuminate\\Foundation\\Application), Array, Array, NULL)
#19 /Users/ahmedhegazy/Desktop/e-exams/E-Exams/vendor/laravel/framework/src/Illuminate/Console/Command.php(183): Illuminate\\Container\\Container->call(Array)
#20 /Users/ahmedhegazy/Desktop/e-exams/E-Exams/vendor/symfony/console/Command/Command.php(255): Illuminate\\Console\\Command->execute(Object(Symfony\\Component\\Console\\Input\\ArgvInput), Object(Illuminate\\Console\\OutputStyle))
#21 /Users/ahmedhegazy/Desktop/e-exams/E-Exams/vendor/laravel/framework/src/Illuminate/Console/Command.php(170): Symfony\\Component\\Console\\Command\\Command->run(Object(Symfony\\Component\\Console\\Input\\ArgvInput), Object(Illuminate\\Console\\OutputStyle))
#22 /Users/ahmedhegazy/Desktop/e-exams/E-Exams/vendor/symfony/console/Application.php(1012): Illuminate\\Console\\Command->run(Object(Symfony\\Component\\Console\\Input\\ArgvInput), Object(Symfony\\Component\\Console\\Output\\ConsoleOutput))
#23 /Users/ahmedhegazy/Desktop/e-exams/E-Exams/vendor/symfony/console/Application.php(272): Symfony\\Component\\Console\\Application->doRunCommand(Object(Illuminate\\Database\\Console\\Migrations\\FreshCommand), Object(Symfony\\Component\\Console\\Input\\ArgvInput), Object(Symfony\\Component\\Console\\Output\\ConsoleOutput))
#24 /Users/ahmedhegazy/Desktop/e-exams/E-Exams/vendor/symfony/console/Application.php(148): Symfony\\Component\\Console\\Application->doRun(Object(Symfony\\Component\\Console\\Input\\ArgvInput), Object(Symfony\\Component\\Console\\Output\\ConsoleOutput))
#25 /Users/ahmedhegazy/Desktop/e-exams/E-Exams/vendor/laravel/framework/src/Illuminate/Console/Application.php(90): Symfony\\Component\\Console\\Application->run(Object(Symfony\\Component\\Console\\Input\\ArgvInput), Object(Symfony\\Component\\Console\\Output\\ConsoleOutput))
#26 /Users/ahmedhegazy/Desktop/e-exams/E-Exams/vendor/laravel/framework/src/Illuminate/Foundation/Console/Kernel.php(133): Illuminate\\Console\\Application->run(Object(Symfony\\Component\\Console\\Input\\ArgvInput), Object(Symfony\\Component\\Console\\Output\\ConsoleOutput))
#27 /Users/ahmedhegazy/Desktop/e-exams/E-Exams/artisan(37): Illuminate\\Foundation\\Console\\Kernel->handle(Object(Symfony\\Component\\Console\\Input\\ArgvInput), Object(Symfony\\Component\\Console\\Output\\ConsoleOutput))
#28 {main}
"} 
[2020-02-22 11:43:43] local.ERROR: Too many arguments, expected arguments "command" "name". {"exception":"[object] (Symfony\\Component\\Console\\Exception\\RuntimeException(code: 0): Too many arguments, expected arguments \"command\" \"name\". at /Users/ahmedhegazy/Desktop/e-exams/E-Exams/vendor/symfony/console/Input/ArgvInput.php:174)
[stacktrace]
#0 /Users/ahmedhegazy/Desktop/e-exams/E-Exams/vendor/symfony/console/Input/ArgvInput.php(85): Symfony\\Component\\Console\\Input\\ArgvInput->parseArgument('AppSubjectSubje...')
#1 /Users/ahmedhegazy/Desktop/e-exams/E-Exams/vendor/symfony/console/Input/Input.php(55): Symfony\\Component\\Console\\Input\\ArgvInput->parse()
#2 /Users/ahmedhegazy/Desktop/e-exams/E-Exams/vendor/symfony/console/Command/Command.php(214): Symfony\\Component\\Console\\Input\\Input->bind(Object(Symfony\\Component\\Console\\Input\\InputDefinition))
#3 /Users/ahmedhegazy/Desktop/e-exams/E-Exams/vendor/laravel/framework/src/Illuminate/Console/Command.php(170): Symfony\\Component\\Console\\Command\\Command->run(Object(Symfony\\Component\\Console\\Input\\ArgvInput), Object(Illuminate\\Console\\OutputStyle))
#4 /Users/ahmedhegazy/Desktop/e-exams/E-Exams/vendor/symfony/console/Application.php(1012): Illuminate\\Console\\Command->run(Object(Symfony\\Component\\Console\\Input\\ArgvInput), Object(Symfony\\Component\\Console\\Output\\ConsoleOutput))
#5 /Users/ahmedhegazy/Desktop/e-exams/E-Exams/vendor/symfony/console/Application.php(272): Symfony\\Component\\Console\\Application->doRunCommand(Object(Illuminate\\Routing\\Console\\ControllerMakeCommand), Object(Symfony\\Component\\Console\\Input\\ArgvInput), Object(Symfony\\Component\\Console\\Output\\ConsoleOutput))
#6 /Users/ahmedhegazy/Desktop/e-exams/E-Exams/vendor/symfony/console/Application.php(148): Symfony\\Component\\Console\\Application->doRun(Object(Symfony\\Component\\Console\\Input\\ArgvInput), Object(Symfony\\Component\\Console\\Output\\ConsoleOutput))
#7 /Users/ahmedhegazy/Desktop/e-exams/E-Exams/vendor/laravel/framework/src/Illuminate/Console/Application.php(90): Symfony\\Component\\Console\\Application->run(Object(Symfony\\Component\\Console\\Input\\ArgvInput), Object(Symfony\\Component\\Console\\Output\\ConsoleOutput))
#8 /Users/ahmedhegazy/Desktop/e-exams/E-Exams/vendor/laravel/framework/src/Illuminate/Foundation/Console/Kernel.php(133): Illuminate\\Console\\Application->run(Object(Symfony\\Component\\Console\\Input\\ArgvInput), Object(Symfony\\Component\\Console\\Output\\ConsoleOutput))
#9 /Users/ahmedhegazy/Desktop/e-exams/E-Exams/artisan(37): Illuminate\\Foundation\\Console\\Kernel->handle(Object(Symfony\\Component\\Console\\Input\\ArgvInput), Object(Symfony\\Component\\Console\\Output\\ConsoleOutput))
#10 {main}
"} 
